[debug] [2022-07-05T12:37:36.424Z] ----------------------------------------------------------------------
[debug] [2022-07-05T12:37:36.427Z] Command:       /home/david/.nvm/versions/node/v16.13.2/bin/node /home/david/.nvm/versions/node/v16.13.2/bin/firebase deploy --only functions
[debug] [2022-07-05T12:37:36.427Z] CLI Version:   11.2.0
[debug] [2022-07-05T12:37:36.427Z] Platform:      linux
[debug] [2022-07-05T12:37:36.427Z] Node Version:  v16.13.2
[debug] [2022-07-05T12:37:36.428Z] Time:          Tue Jul 05 2022 14:37:36 GMT+0200 (Central European Summer Time)
[debug] [2022-07-05T12:37:36.428Z] ----------------------------------------------------------------------
[debug] 
[debug] [2022-07-05T12:37:36.494Z] > command requires scopes: ["email","openid","https://www.googleapis.com/auth/cloudplatformprojects.readonly","https://www.googleapis.com/auth/firebase","https://www.googleapis.com/auth/cloud-platform"]
[debug] [2022-07-05T12:37:36.494Z] > authorizing via signed-in user (david@davidystephenson.com)
[debug] [2022-07-05T12:37:36.494Z] [iam] checking project an-icebreaker-game for permissions ["cloudfunctions.functions.create","cloudfunctions.functions.delete","cloudfunctions.functions.get","cloudfunctions.functions.list","cloudfunctions.functions.update","cloudfunctions.operations.get","firebase.projects.get"]
[debug] [2022-07-05T12:37:36.496Z] > refreshing access token with scopes: []
[debug] [2022-07-05T12:37:36.498Z] >>> [apiv2][query] POST https://www.googleapis.com/oauth2/v3/token [none]
[debug] [2022-07-05T12:37:36.498Z] >>> [apiv2][body] POST https://www.googleapis.com/oauth2/v3/token [omitted]
[debug] [2022-07-05T12:37:36.706Z] <<< [apiv2][status] POST https://www.googleapis.com/oauth2/v3/token 200
[debug] [2022-07-05T12:37:36.706Z] <<< [apiv2][body] POST https://www.googleapis.com/oauth2/v3/token [omitted]
[debug] [2022-07-05T12:37:36.722Z] >>> [apiv2][query] POST https://cloudresourcemanager.googleapis.com/v1/projects/an-icebreaker-game:testIamPermissions [none]
[debug] [2022-07-05T12:37:36.722Z] >>> [apiv2][body] POST https://cloudresourcemanager.googleapis.com/v1/projects/an-icebreaker-game:testIamPermissions {"permissions":["cloudfunctions.functions.create","cloudfunctions.functions.delete","cloudfunctions.functions.get","cloudfunctions.functions.list","cloudfunctions.functions.update","cloudfunctions.operations.get","firebase.projects.get"]}
[debug] [2022-07-05T12:37:37.468Z] <<< [apiv2][status] POST https://cloudresourcemanager.googleapis.com/v1/projects/an-icebreaker-game:testIamPermissions 200
[debug] [2022-07-05T12:37:37.469Z] <<< [apiv2][body] POST https://cloudresourcemanager.googleapis.com/v1/projects/an-icebreaker-game:testIamPermissions {"permissions":["cloudfunctions.functions.create","cloudfunctions.functions.delete","cloudfunctions.functions.get","cloudfunctions.functions.list","cloudfunctions.functions.update","cloudfunctions.operations.get","firebase.projects.get"]}
[debug] [2022-07-05T12:37:37.471Z] >>> [apiv2][query] POST https://iam.googleapis.com/v1/projects/an-icebreaker-game/serviceAccounts/an-icebreaker-game@appspot.gserviceaccount.com:testIamPermissions [none]
[debug] [2022-07-05T12:37:37.471Z] >>> [apiv2][body] POST https://iam.googleapis.com/v1/projects/an-icebreaker-game/serviceAccounts/an-icebreaker-game@appspot.gserviceaccount.com:testIamPermissions {"permissions":["iam.serviceAccounts.actAs"]}
